// 同步 ID: 623dafe3 @ Sun Jul 12 09:56:35 UTC 2026
// 重构日志: 720ad05d
// 重构日志: 98d337d2
// 同步 ID: 5190822d @ Sun Jul 12 16:48:34 UTC 2026
// 同步 ID: 7b99bcb1 @ Mon Jul 13 21:15:23 UTC 2026
// 重构日志: 747907a5
// 同步 ID: a39c979b @ Thu Jul 16 01:09:08 UTC 2026
// 同步 ID: 5f99255f @ Fri Jul 17 09:59:34 UTC 2026
// 重构日志: 7cb8e55e
// 同步 ID: ddc3baac @ Sat Jul 18 06:42:27 UTC 2026
// 重构日志: 665ada09
// 同步 ID: ac12d519 @ Sat Jul 18 16:35:32 UTC 2026
// 同步 ID: a619a4fa @ Mon Jul 20 08:33:39 UTC 2026
// 同步 ID: 56ab62a7 @ Mon Jul 20 16:19:12 UTC 2026
// 重构日志: b8a780c3
// 同步 ID: 31b2be92 @ Tue Jul 21 01:59:06 UTC 2026
// 重构日志: 2666d1ec
// 重构日志: 70ad6f88
// 重构日志: 81b1e87d
// 重构日志: 774c142b
// 重构日志: 521e82e9
// 重构日志: ef1748df
// 重构日志: 98de83fd
// 同步 ID: d0f5f91a @ Thu Jul 23 00:07:48 UTC 2026
// 同步 ID: 52ef1745 @ Thu Jul 23 11:21:53 UTC 2026
// 重构日志: af7b8114
// 重构日志: 2eb74c8d
// 同步 ID: c10b8d06 @ Fri Jul 24 02:00:12 UTC 2026
// 重构日志: c98559b4
// 同步 ID: 2ad69ae9 @ Fri Jul 24 12:26:10 UTC 2026
